<?xml version="1.0" encoding="UTF-8"?>
<testng-results skipped="0" failed="0" ignored="0" total="1" passed="1">
  <reporter-output>
  </reporter-output>
  <suite name="Default suite" duration-ms="3761" started-at="2021-06-08T16:57:06 IST" finished-at="2021-06-08T16:57:10 IST">
    <groups>
    </groups>
    <test name="Default test" duration-ms="3761" started-at="2021-06-08T16:57:06 IST" finished-at="2021-06-08T16:57:10 IST">
      <class name="com.cjc.dws.tests.RegisterTest">
        <test-method status="PASS" signature="getBrowser()[pri:0, instance:com.cjc.dws.tests.RegisterTest@7a187f14]" name="getBrowser" is-config="true" duration-ms="4989" started-at="2021-06-08T16:57:01 IST" finished-at="2021-06-08T16:57:06 IST">
          <reporter-output>
          </reporter-output>
        </test-method> <!-- getBrowser -->
        <test-method status="PASS" signature="getUrl()[pri:0, instance:com.cjc.dws.tests.RegisterTest@7a187f14]" name="getUrl" is-config="true" duration-ms="3729" started-at="2021-06-08T16:57:06 IST" finished-at="2021-06-08T16:57:10 IST">
          <reporter-output>
          </reporter-output>
        </test-method> <!-- getUrl -->
        <test-method status="PASS" signature="booksCheck()[pri:0, instance:com.cjc.dws.tests.RegisterTest@7a187f14]" name="booksCheck" duration-ms="0" started-at="2021-06-08T16:57:10 IST" finished-at="2021-06-08T16:57:10 IST">
          <reporter-output>
          </reporter-output>
        </test-method> <!-- booksCheck -->
      </class> <!-- com.cjc.dws.tests.RegisterTest -->
    </test> <!-- Default test -->
  </suite> <!-- Default suite -->
</testng-results>
