<?xml version="1.0" encoding="UTF-8"?>
<testng-results skipped="0" failed="0" ignored="0" total="1" passed="1">
  <reporter-output>
  </reporter-output>
  <suite name="Suite" duration-ms="13435" started-at="2021-07-24T04:32:47Z" finished-at="2021-07-24T04:33:01Z">
    <groups>
    </groups>
    <test name="Test" duration-ms="13435" started-at="2021-07-24T04:32:47Z" finished-at="2021-07-24T04:33:01Z">
      <class name="com.cjc.listner.ListnerTest">
        <test-method status="PASS" signature="test()[pri:0, instance:com.cjc.listner.ListnerTest@20d3d15a]" name="test" is-config="true" duration-ms="2857" started-at="2021-07-24T04:32:44Z" finished-at="2021-07-24T04:32:47Z">
          <reporter-output>
          </reporter-output>
        </test-method> <!-- test -->
        <test-method status="PASS" signature="m2()[pri:0, instance:com.cjc.listner.ListnerTest@20d3d15a]" name="m2" is-config="true" duration-ms="11126" started-at="2021-07-24T04:32:47Z" finished-at="2021-07-24T04:32:58Z">
          <reporter-output>
          </reporter-output>
        </test-method> <!-- m2 -->
        <test-method status="PASS" signature="m3()[pri:0, instance:com.cjc.listner.ListnerTest@20d3d15a]" name="m3" duration-ms="2293" started-at="2021-07-24T04:32:58Z" finished-at="2021-07-24T04:33:01Z">
          <reporter-output>
          </reporter-output>
        </test-method> <!-- m3 -->
      </class> <!-- com.cjc.listner.ListnerTest -->
    </test> <!-- Test -->
  </suite> <!-- Suite -->
</testng-results>
